Arguments: 
  /home/Dell5480/.nvm/versions/node/v9.8.0/bin/node /usr/bin/yarn start

PATH: 
  /home/Dell5480/.nvm/versions/node/v9.8.0/bin:/usr/local/bin:/usr/local/sbin:/usr/bin:/usr/sbin:/home/Dell5480/.local/bin:/home/Dell5480/bin

Yarn version: 
  1.5.0

Node version: 
  9.8.0

Platform: 
  linux x64

npm manifest: 
  No manifest

yarn manifest: 
  No manifest

Lockfile: 
  No lockfile

Trace: 
  Error: Couldn't find a package.json file in "/home/Dell5480/Programming/Group/Geckos-Team-0"
      at new MessageError (/usr/lib/node_modules/yarn/lib/cli.js:186:110)
      at /usr/lib/node_modules/yarn/lib/cli.js:40048:15
      at Generator.next (<anonymous>)
      at step (/usr/lib/node_modules/yarn/lib/cli.js:98:30)
      at /usr/lib/node_modules/yarn/lib/cli.js:109:13
      at <anonymous>
